2024-03-13T17:28:10+00:00 CRITICAL Uncaught TypeError: implode(): Argument #2 ($array) must be of type ?array, string given in /home/yboumehdi/Local Sites/chic-dressing/app/public/wp-content/plugins/wysija-newsletters/helpers/file.php:161
Stack trace:
#0 /home/yboumehdi/Local Sites/chic-dressing/app/public/wp-content/plugins/wysija-newsletters/helpers/file.php(161): implode(Array, '|')
#1 /home/yboumehdi/Local Sites/chic-dressing/app/public/wp-content/plugins/wysija-newsletters/core/base.php(820): WYSIJA_help_file->clear()
#2 /home/yboumehdi/Local Sites/chic-dressing/app/public/wp-content/plugins/wysija-newsletters/helpers/cron.php(184): WYSIJA::croned_daily()
#3 /home/yboumehdi/Local Sites/chic-dressing/app/public/wp-content/plugins/wysija-newsletters/helpers/cron.php(120): WYSIJA_help_cron->run_scheduled_task('daily')
#4 /home/yboumehdi/Local Sites/chic-dressing/app/public/wp-content/plugins/wysija-newsletters/helpers/cron.php(56): WYSIJA_help_cron->check_scheduled_task(Array, 'daily')
#5 /home/yboumehdi/Local Sites/chic-dressing/app/public/wp-content/plugins/wysija-newsletters/core/base.php(1525): WYSIJA_help_cron->run()
#6 /home/yboumehdi/Local Sites/chic-dressing/app/public/wp-includes/class-wp-hook.php(324): init_wysija_cron('')
#7 /home/yboumehdi/Local Sites/chic-dressing/app/public/wp-includes/class-wp-hook.php(348): WP_Hook->apply_filters(NULL, Array)
#8 /home/yboumehdi/Local Sites/chic-dressing/app/public/wp-includes/plugin.php(517): WP_Hook->do_action(Array)
#9 /home/yboumehdi/Local Sites/chic-dressing/app/public/wp-settings.php(643): do_action('init')
#10 /home/yboumehdi/Local Sites/chic-dressing/app/public/wp-config.php(103): require_once('/home/yboumehdi...')
#11 /home/yboumehdi/Local Sites/chic-dressing/app/public/wp-load.php(50): require_once('/home/yboumehdi...')
#12 /home/yboumehdi/Local Sites/chic-dressing/app/public/wp-cron.php(46): require_once('/home/yboumehdi...')
#13 {main}
  thrown dans /home/yboumehdi/Local Sites/chic-dressing/app/public/wp-content/plugins/wysija-newsletters/helpers/file.php à la ligne 161

2024-03-13T19:31:20+00:00 CRITICAL Uncaught TypeError: call_user_func_array(): Argument #1 ($callback) must be a valid callback, function "wp_print_media_templates" not found or invalid function name in /home/yboumehdi/Local Sites/chic-dressing/app/public/wp-includes/class-wp-hook.php:324
Stack trace:
#0 /home/yboumehdi/Local Sites/chic-dressing/app/public/wp-includes/class-wp-hook.php(348): WP_Hook->apply_filters(NULL, Array)
#1 /home/yboumehdi/Local Sites/chic-dressing/app/public/wp-includes/plugin.php(517): WP_Hook->do_action(Array)
#2 /home/yboumehdi/Local Sites/chic-dressing/app/public/wp-includes/script-loader.php(2245): do_action('wp_print_footer...')
#3 /home/yboumehdi/Local Sites/chic-dressing/app/public/wp-includes/block-editor.php(377): wp_print_footer_scripts()
#4 /home/yboumehdi/Local Sites/chic-dressing/app/public/wp-includes/block-editor.php(623): _wp_get_iframed_editor_assets()
#5 /home/yboumehdi/Local Sites/chic-dressing/app/public/wp-includes/class-wp-customize-widgets.php(849): get_block_editor_settings(Array, Object(WP_Block_Editor_Context))
#6 /home/yboumehdi/Local Sites/chic-dressing/app/public/wp-includes/class-wp-hook.php(324): WP_Customize_Widgets->enqueue_scripts('')
#7 /home/yboumehdi/Local Sites/chic-dressing/app/public/wp-includes/class-wp-hook.php(348): WP_Hook->apply_filters(NULL, Array)
#8 /home/yboumehdi/Local Sites/chic-dressing/app/public/wp-includes/plugin.php(517): WP_Hook->do_action(Array)
#9 /home/yboumehdi/Local Sites/chic-dressing/app/public/wp-admin/customize.php(123): do_action('customize_contr...')
#10 {main}
  thrown dans /home/yboumehdi/Local Sites/chic-dressing/app/public/wp-includes/class-wp-hook.php à la ligne 324

